SF:controller\auth_controller.py
DA:1,1
DA:2,1
DA:3,1
DA:4,1
DA:5,1
DA:7,1
DA:10,1
DA:11,1
DA:12,1
DA:15,1
DA:18,1
DA:19,1
DA:30,1
DA:32,1
DA:33,1
DA:35,1
DA:36,1
DA:38,1
DA:39,1
DA:41,1
DA:43,1
DA:44,1
DA:56,1
DA:58,1
DA:59,1
DA:61,1
DA:63,1
DA:64,1
DA:66,1
DA:68,1
DA:69,1
DA:80,1
DA:82,1
DA:83,1
DA:85,1
DA:89,1
LF:36
LH:36
FN:19,41,AuthController.authenticate_user
FNDA:1,AuthController.authenticate_user
FN:44,66,AuthController.create_access_token
FNDA:1,AuthController.create_access_token
FN:69,89,AuthController.login
FNDA:1,AuthController.login
FNF:3
FNH:3
end_of_record
SF:controller\dashboard_controller.py
DA:1,1
DA:2,1
DA:3,1
DA:5,1
DA:6,1
DA:7,1
DA:8,1
DA:11,1
DA:14,1
DA:15,1
DA:17,1
DA:26,1
DA:28,1
DA:41,1
DA:50,1
DA:59,0
DA:61,0
DA:62,0
DA:64,0
DA:65,0
DA:66,0
DA:69,0
DA:70,0
DA:73,0
DA:74,0
DA:78,0
DA:79,0
DA:80,0
DA:81,0
DA:82,0
DA:85,0
DA:91,0
DA:93,0
DA:94,0
DA:95,0
DA:96,0
DA:99,0
DA:107,0
DA:109,0
DA:111,0
DA:112,0
DA:115,0
DA:117,0
DA:118,0
DA:120,0
DA:121,0
DA:122,0
DA:127,1
DA:142,0
DA:143,0
DA:146,0
DA:147,0
DA:152,1
DA:169,0
DA:170,0
DA:171,0
DA:172,0
DA:178,0
DA:187,0
DA:188,0
DA:189,0
DA:191,0
DA:193,1
DA:207,1
DA:208,1
DA:209,0
DA:213,1
DA:215,1
DA:231,0
DA:235,0
DA:236,0
DA:239,0
DA:240,0
DA:243,0
DA:244,0
DA:249,0
DA:250,0
DA:251,0
DA:253,0
DA:254,0
DA:256,0
DA:258,1
DA:271,0
DA:272,0
DA:273,0
DA:274,0
DA:279,1
DA:294,0
DA:296,0
DA:302,0
DA:303,0
DA:304,0
DA:306,0
DA:310,0
DA:311,0
LF:95
LH:24
FN:14,15,DashboardController.__init__
FNDA:1,DashboardController.__init__
FN:17,26,DashboardController.get_all_dashboards
FNDA:1,DashboardController.get_all_dashboards
FN:28,48,DashboardController.get_dashboard_by_id
FNDA:1,DashboardController.get_dashboard_by_id
FN:50,125,DashboardController.sync_dashboards_from_powerbi
FNDA:0,DashboardController.sync_dashboards_from_powerbi
FN:127,150,DashboardController.get_dashboard_from_powerbi
FNDA:0,DashboardController.get_dashboard_from_powerbi
FN:152,191,DashboardController.delete_dashboard
FNDA:0,DashboardController.delete_dashboard
FN:193,213,DashboardController.get_dashboards_by_group
FNDA:1,DashboardController.get_dashboards_by_group
FN:215,256,DashboardController.update_dashboard
FNDA:0,DashboardController.update_dashboard
FN:258,277,DashboardController.refresh_dashboard_dataset
FNDA:0,DashboardController.refresh_dashboard_dataset
FN:279,314,DashboardController.get_dataset_refresh_status
FNDA:0,DashboardController.get_dataset_refresh_status
FNF:10
FNH:4
end_of_record
SF:controller\group_controller.py
DA:1,1
DA:2,1
DA:3,1
DA:5,1
DA:6,1
DA:7,1
DA:10,1
DA:13,1
DA:14,1
DA:27,1
DA:31,1
DA:32,0
DA:37,1
DA:43,1
DA:44,1
DA:45,1
DA:47,1
DA:49,1
DA:50,1
DA:60,1
DA:62,1
DA:63,1
DA:73,1
DA:75,1
DA:76,1
DA:87,1
DA:89,1
DA:90,1
DA:106,1
DA:108,1
DA:109,1
DA:112,1
DA:113,1
DA:117,1
DA:118,0
DA:124,1
DA:125,1
DA:126,1
DA:128,1
DA:129,1
DA:131,1
DA:133,1
DA:134,1
DA:144,1
DA:146,1
DA:147,1
DA:149,1
DA:150,1
DA:152,1
DA:154,1
DA:155,1
DA:169,1
DA:170,1
DA:171,0
DA:175,1
DA:176,1
DA:177,0
DA:182,1
DA:183,1
DA:188,1
DA:189,1
DA:190,1
DA:192,1
DA:194,1
DA:195,1
DA:209,1
DA:210,1
DA:211,0
DA:215,1
DA:216,1
DA:217,0
DA:222,1
DA:223,1
DA:228,1
DA:229,1
DA:230,1
DA:232,1
DA:234,1
DA:235,1
DA:248,0
DA:249,0
DA:250,0
DA:254,0
LF:83
LH:73
FN:14,47,GroupController.create_group
FNDA:1,GroupController.create_group
FN:50,60,GroupController.get_group_by_id
FNDA:1,GroupController.get_group_by_id
FN:63,73,GroupController.get_group_by_name
FNDA:1,GroupController.get_group_by_name
FN:76,87,GroupController.get_groups
FNDA:1,GroupController.get_groups
FN:90,131,GroupController.update_group
FNDA:1,GroupController.update_group
FN:134,152,GroupController.delete_group
FNDA:1,GroupController.delete_group
FN:155,192,GroupController.add_user_to_group
FNDA:1,GroupController.add_user_to_group
FN:195,232,GroupController.remove_user_from_group
FNDA:1,GroupController.remove_user_from_group
FN:235,254,GroupController.get_user_groups
FNDA:0,GroupController.get_user_groups
FNF:9
FNH:8
end_of_record
SF:controller\user_controller.py
DA:1,1
DA:2,1
DA:4,1
DA:5,1
DA:8,1
DA:11,1
DA:12,1
DA:22,1
DA:24,1
DA:33,1
DA:34,1
DA:35,1
DA:37,1
DA:39,1
DA:40,1
DA:50,1
DA:52,1
DA:53,1
DA:63,1
DA:65,1
DA:66,1
DA:77,1
DA:79,1
DA:80,1
DA:91,1
DA:93,1
DA:94,1
DA:96,1
DA:99,1
DA:100,0
DA:104,1
DA:105,1
DA:107,1
DA:108,1
DA:110,1
DA:112,1
DA:113,1
DA:123,1
DA:125,1
DA:126,1
DA:128,1
DA:129,1
DA:131,1
LF:43
LH:42
FN:12,37,UserController.create_user
FNDA:1,UserController.create_user
FN:40,50,UserController.get_user_by_id
FNDA:1,UserController.get_user_by_id
FN:53,63,UserController.get_user_by_email
FNDA:1,UserController.get_user_by_email
FN:66,77,UserController.get_users
FNDA:1,UserController.get_users
FN:80,110,UserController.update_user
FNDA:1,UserController.update_user
FN:113,131,UserController.delete_user
FNDA:1,UserController.delete_user
FNF:6
FNH:6
end_of_record
SF:database.py
DA:1,1
DA:2,1
DA:3,1
DA:4,1
DA:5,1
DA:6,1
DA:9,1
DA:10,1
DA:12,1
DA:15,1
DA:18,1
DA:21,1
DA:24,1
DA:26,0
DA:27,0
DA:28,0
DA:30,0
LF:17
LH:13
FN:24,30,get_db
FNDA:0,get_db
FNF:1
FNH:0
end_of_record
SF:main.py
DA:1,1
DA:2,1
DA:3,1
DA:4,1
DA:6,1
DA:7,1
DA:8,1
DA:9,1
DA:10,1
DA:13,1
DA:14,1
DA:16,1
DA:18,1
DA:24,1
DA:25,1
DA:26,1
DA:27,1
DA:30,1
DA:31,1
DA:33,1
LF:20
LH:20
FN:31,33,read_root
FNDA:1,read_root
FNF:1
FNH:1
end_of_record
SF:models\dashboard.py
DA:1,1
DA:2,1
DA:3,1
DA:5,1
DA:8,1
DA:9,1
DA:11,1
DA:12,1
DA:13,1
DA:14,1
DA:15,1
DA:18,1
DA:19,1
DA:20,1
DA:21,1
DA:22,1
DA:23,1
DA:26,1
LF:18
LH:18
end_of_record
SF:models\group.py
DA:1,1
DA:2,1
DA:3,1
DA:5,1
DA:9,1
DA:28,1
DA:29,1
DA:31,1
DA:32,1
DA:33,1
DA:34,1
DA:35,1
DA:36,1
DA:39,1
LF:14
LH:14
end_of_record
SF:models\user.py
DA:1,1
DA:2,1
DA:3,1
DA:4,1
DA:6,1
DA:9,1
DA:10,1
DA:12,1
DA:13,1
DA:14,1
DA:15,1
DA:16,1
DA:17,1
DA:18,1
DA:19,1
DA:20,1
DA:23,1
DA:25,1
DA:27,1
DA:28,1
DA:29,0
DA:30,0
DA:32,0
DA:33,1
DA:38,1
DA:39,1
DA:41,1
DA:42,1
DA:43,1
LF:29
LH:26
FN:25,36,User.verify_password
FNDA:1,User.verify_password
FN:39,43,User.hash_password
FNDA:1,User.hash_password
FNF:2
FNH:2
end_of_record
SF:schemas\dashboard_schema.py
DA:1,1
DA:2,1
DA:3,1
DA:6,1
DA:7,1
DA:8,1
DA:9,1
DA:10,1
DA:11,1
DA:12,1
DA:13,1
DA:14,1
DA:15,1
DA:18,1
DA:19,1
DA:21,1
DA:22,1
DA:25,1
DA:26,1
DA:27,1
DA:28,1
DA:29,1
DA:30,1
DA:33,1
DA:34,1
DA:35,1
DA:36,1
DA:39,1
DA:40,1
DA:41,1
DA:44,1
DA:45,1
DA:46,1
LF:33
LH:33
end_of_record
SF:schemas\group_schema.py
DA:1,1
DA:2,1
DA:3,1
DA:6,1
DA:7,1
DA:8,1
DA:9,1
DA:12,1
DA:13,1
DA:16,1
DA:17,1
DA:18,1
DA:19,1
DA:22,1
DA:23,1
DA:24,1
DA:25,1
DA:27,1
DA:28,1
DA:31,1
DA:32,1
DA:35,1
DA:36,1
DA:37,1
DA:38,1
DA:39,1
DA:40,1
DA:41,1
DA:43,1
DA:44,1
DA:47,1
DA:48,1
DA:51,1
DA:52,1
LF:34
LH:34
end_of_record
SF:schemas\user_schema.py
DA:1,1
DA:2,1
DA:3,1
DA:6,1
DA:7,1
DA:8,1
DA:9,1
DA:10,1
DA:11,1
DA:14,1
DA:15,1
DA:18,1
DA:19,1
DA:20,1
DA:21,1
DA:22,1
DA:23,1
DA:24,1
DA:27,1
DA:28,1
DA:29,1
DA:30,1
DA:32,1
DA:33,1
DA:36,1
DA:37,1
DA:38,1
DA:41,1
DA:42,1
DA:43,1
DA:44,1
LF:31
LH:31
end_of_record
SF:services\powerbi_service.py
DA:3,1
DA:4,1
DA:5,1
DA:6,1
DA:7,1
DA:8,1
DA:11,1
DA:12,1
DA:15,1
DA:18,1
DA:19,1
DA:20,1
DA:21,1
DA:22,1
DA:25,1
DA:26,1
DA:30,1
DA:31,1
DA:35,1
DA:36,1
DA:41,1
DA:50,1
DA:56,1
DA:60,1
DA:61,0
DA:67,1
DA:68,1
DA:71,1
DA:74,1
DA:80,1
DA:82,1
DA:83,1
DA:88,1
DA:94,1
DA:95,1
DA:96,1
DA:97,1
DA:99,1
DA:108,1
DA:109,1
DA:110,1
DA:111,1
DA:113,1
DA:122,0
DA:123,0
DA:124,0
DA:125,0
DA:127,1
DA:139,0
DA:140,0
DA:141,0
DA:142,0
DA:144,1
DA:154,0
DA:155,0
DA:156,0
DA:157,0
DA:159,1
DA:165,1
DA:166,1
DA:167,1
DA:168,1
DA:170,1
DA:179,0
DA:180,0
DA:181,0
DA:182,0
DA:183,0
DA:185,1
DA:195,0
DA:196,0
DA:197,0
DA:198,0
DA:200,1
DA:212,0
DA:213,0
DA:214,0
DA:215,0
DA:217,1
DA:227,0
DA:228,0
DA:229,0
DA:230,0
LF:83
LH:53
FN:18,39,PowerBIService.__init__
FNDA:1,PowerBIService.__init__
FN:41,78,PowerBIService._get_access_token
FNDA:1,PowerBIService._get_access_token
FN:80,86,PowerBIService._get_headers
FNDA:1,PowerBIService._get_headers
FN:88,97,PowerBIService.get_dashboards
FNDA:1,PowerBIService.get_dashboards
FN:99,111,PowerBIService.get_dashboard
FNDA:1,PowerBIService.get_dashboard
FN:113,125,PowerBIService.get_workspace_dashboards
FNDA:0,PowerBIService.get_workspace_dashboards
FN:127,142,PowerBIService.get_workspace_dashboard
FNDA:0,PowerBIService.get_workspace_dashboard
FN:144,157,PowerBIService.delete_dashboard
FNDA:0,PowerBIService.delete_dashboard
FN:159,168,PowerBIService.get_workspaces
FNDA:1,PowerBIService.get_workspaces
FN:170,183,PowerBIService.get_workspace
FNDA:0,PowerBIService.get_workspace
FN:185,198,PowerBIService.refresh_dataset
FNDA:0,PowerBIService.refresh_dataset
FN:200,215,PowerBIService.get_dataset_refresh_history
FNDA:0,PowerBIService.get_dataset_refresh_history
FN:217,230,PowerBIService.get_dataset
FNDA:0,PowerBIService.get_dataset
FNF:13
FNH:6
end_of_record
SF:views\auth_view.py
DA:1,1
DA:2,1
DA:4,1
DA:5,1
DA:6,1
DA:8,1
DA:11,1
DA:18,1
DA:31,1
DA:37,1
DA:38,1
DA:44,1
LF:12
LH:12
FN:18,44,login
FNDA:1,login
FNF:1
FNH:1
end_of_record
SF:views\dashboard_view.py
DA:1,1
DA:2,1
DA:3,1
DA:5,1
DA:6,1
DA:11,1
DA:13,1
DA:19,1
DA:24,1
DA:39,1
DA:40,1
DA:43,1
DA:44,1
DA:45,1
DA:59,1
DA:61,1
DA:64,1
DA:69,1
DA:85,1
DA:86,1
DA:88,1
DA:89,1
DA:93,1
DA:108,1
DA:111,1
DA:115,1
DA:133,0
DA:134,0
DA:135,0
DA:140,0
DA:141,0
DA:143,0
DA:146,1
DA:151,1
DA:166,0
DA:167,0
DA:169,0
DA:170,0
DA:171,0
DA:185,0
DA:187,0
DA:190,1
DA:194,1
DA:206,0
DA:211,0
DA:215,0
DA:218,1
DA:223,1
DA:238,0
DA:239,0
DA:241,0
DA:244,1
DA:248,1
DA:270,0
DA:271,0
DA:273,0
DA:288,1
DA:292,1
DA:304,0
DA:306,0
DA:307,0
DA:309,0
DA:312,0
DA:314,0
DA:323,0
DA:324,0
DA:328,0
DA:329,0
LF:68
LH:36
FN:24,61,get_all_dashboards
FNDA:1,get_all_dashboards
FN:69,108,get_dashboard
FNDA:1,get_dashboard
FN:115,143,delete_dashboard
FNDA:0,delete_dashboard
FN:151,187,get_group_dashboards
FNDA:0,get_group_dashboards
FN:194,215,refresh_dashboard
FNDA:0,refresh_dashboard
FN:223,241,get_refresh_status
FNDA:0,get_refresh_status
FN:248,285,sync_dashboards
FNDA:0,sync_dashboards
FN:292,332,test_powerbi_connection
FNDA:0,test_powerbi_connection
FNF:8
FNH:2
end_of_record
SF:views\group_view.py
DA:1,1
DA:2,1
DA:3,1
DA:5,1
DA:6,1
DA:13,1
DA:15,1
DA:21,1
DA:27,1
DA:42,1
DA:43,1
DA:46,1
DA:51,1
DA:64,1
DA:66,1
DA:67,1
DA:71,1
DA:74,1
DA:79,1
DA:92,1
DA:93,1
DA:96,1
DA:101,1
DA:117,0
DA:119,0
DA:120,0
DA:124,0
DA:127,1
DA:132,1
DA:142,1
DA:144,1
DA:145,1
DA:153,1
DA:158,1
DA:171,0
DA:172,0
DA:175,1
DA:180,1
DA:198,0
DA:199,0
DA:202,1
DA:207,1
DA:221,0
DA:222,0
LF:44
LH:34
FN:27,43,create_group
FNDA:1,create_group
FN:51,71,get_group
FNDA:1,get_group
FN:79,93,get_groups
FNDA:1,get_groups
FN:101,124,update_group
FNDA:0,update_group
FN:132,147,delete_group
FNDA:1,delete_group
FN:158,172,get_user_groups
FNDA:0,get_user_groups
FN:180,199,add_user_to_group
FNDA:0,add_user_to_group
FN:207,222,remove_user_from_group
FNDA:0,remove_user_from_group
FNF:8
FNH:4
end_of_record
SF:views\user_view.py
DA:1,1
DA:2,1
DA:3,1
DA:5,1
DA:6,1
DA:7,1
DA:9,1
DA:12,1
DA:18,1
DA:31,1
DA:32,1
DA:33,1
DA:37,1
DA:38,1
DA:41,1
DA:46,1
DA:59,1
DA:61,1
DA:62,1
DA:66,1
DA:69,1
DA:74,1
DA:87,1
DA:88,1
DA:91,1
DA:96,1
DA:112,1
DA:114,1
DA:115,1
DA:119,1
DA:122,1
DA:127,1
DA:137,1
DA:139,1
DA:140,1
LF:35
LH:35
FN:18,38,create_user
FNDA:1,create_user
FN:46,66,get_user
FNDA:1,get_user
FN:74,88,get_users
FNDA:1,get_users
FN:96,119,update_user
FNDA:1,update_user
FN:127,142,delete_user
FNDA:1,delete_user
FNF:5
FNH:5
end_of_record
